[debug] [2023-03-28T17:44:57.310Z] ----------------------------------------------------------------------
[debug] [2023-03-28T17:44:57.314Z] Command:       C:\Program Files\nodejs\node.exe C:\Users\richa\AppData\Roaming\npm\node_modules\firebase-tools\lib\bin\firebase.js init hosting
[debug] [2023-03-28T17:44:57.315Z] CLI Version:   11.25.1
[debug] [2023-03-28T17:44:57.315Z] Platform:      win32
[debug] [2023-03-28T17:44:57.315Z] Node Version:  v19.7.0
[debug] [2023-03-28T17:44:57.316Z] Time:          Tue Mar 28 2023 18:44:57 GMT+0100 (Irish Standard Time)
[debug] [2023-03-28T17:44:57.316Z] ----------------------------------------------------------------------
[debug] 
[debug] [2023-03-28T17:44:57.325Z] > command requires scopes: ["email","openid","https://www.googleapis.com/auth/cloudplatformprojects.readonly","https://www.googleapis.com/auth/firebase","https://www.googleapis.com/auth/cloud-platform"]
[debug] [2023-03-28T17:44:57.325Z] > authorizing via signed-in user (richard.houston@outlook.com)
[info] 
     ######## #### ########  ######## ########     ###     ######  ########
     ##        ##  ##     ## ##       ##     ##  ##   ##  ##       ##
     ######    ##  ########  ######   ########  #########  ######  ######
     ##        ##  ##    ##  ##       ##     ## ##     ##       ## ##
     ##       #### ##     ## ######## ########  ##     ##  ######  ########

You're about to initialize a Firebase project in this directory:

  C:\Users\richa\Documents\4BCT\Final Year Project\App

[info] 
=== Project Setup
[info] 
[info] First, let's associate this project directory with a Firebase project.
[info] You can create multiple project aliases by running firebase use --add, 
[info] but for now we'll just set up a default project.
[info] 
[debug] [2023-03-28T17:45:11.725Z] > refreshing access token with scopes: []
[debug] [2023-03-28T17:45:11.727Z] >>> [apiv2][query] POST https://www.googleapis.com/oauth2/v3/token [none]
[debug] [2023-03-28T17:45:11.728Z] >>> [apiv2][body] POST https://www.googleapis.com/oauth2/v3/token [omitted]
[debug] [2023-03-28T17:45:11.943Z] <<< [apiv2][status] POST https://www.googleapis.com/oauth2/v3/token 200
[debug] [2023-03-28T17:45:11.943Z] <<< [apiv2][body] POST https://www.googleapis.com/oauth2/v3/token [omitted]
[debug] [2023-03-28T17:45:11.955Z] >>> [apiv2][query] GET https://firebase.googleapis.com/v1beta1/projects pageSize=100
[debug] [2023-03-28T17:45:12.427Z] <<< [apiv2][status] GET https://firebase.googleapis.com/v1beta1/projects 200
[debug] [2023-03-28T17:45:12.427Z] <<< [apiv2][body] GET https://firebase.googleapis.com/v1beta1/projects [omitted]
[info] i  Using project smarthaul-7c251 (smartHaul) 
[info] 
=== Hosting Setup
[info] 
[info] Your public directory is the folder (relative to your project directory) that
[info] will contain Hosting assets to be uploaded with firebase deploy. If you
[info] have a build process for your assets, use your build's output directory.
[info] 
